<?xml version="1.0" encoding="UTF-8"?>
<!-- Generated by org.testng.reporters.JUnitXMLReporter -->
<testsuite ignored="0" hostname="DESKTOP-TSI3E10" failures="0" tests="6" name="Surefire test" time="0.068" errors="0" timestamp="2020-05-02T18:02:50 IST">
  <testcase classname="qaclickacademy.APITest" name="deleteTwitter on deleteTwitter(qaclickacademy.APITest)" time="0.008"/>
  <testcase classname="qaclickacademy.APITest" name="postJira on postJira(qaclickacademy.APITest)" time="0.008"/>
  <testcase classname="qaclickacademy.AppiumTest" name="IOSApps on IOSApps(qaclickacademy.AppiumTest)" time="0.001"/>
  <testcase classname="qaclickacademy.AppiumTest" name="nativeAppAndroid on nativeAppAndroid(qaclickacademy.AppiumTest)" time="0.002"/>
  <testcase classname="qaclickacademy.SeleniumTest" name="elementsUI on elementsUI(qaclickacademy.SeleniumTest)" time="0.002"/>
  <testcase classname="qaclickacademy.SeleniumTest" name="BrowserAutomation on BrowserAutomation(qaclickacademy.SeleniumTest)" time="0.002"/>
</testsuite> <!-- Surefire test -->
