<?xml version="1.0" encoding="UTF-8"?>
<!-- Generated by org.testng.reporters.JUnitXMLReporter -->
<testsuite ignored="0" hostname="DESKTOP-TSI3E10" failures="0" tests="6" name="Test" time="0.075" errors="0" timestamp="2020-05-02T18:24:28 IST">
  <testcase classname="qaclickacademy.APITest" name="deleteTwitter" time="0.007"/>
  <testcase classname="qaclickacademy.APITest" name="postJira" time="0.002"/>
  <testcase classname="qaclickacademy.AppiumTest" name="IOSApps" time="0.002"/>
  <testcase classname="qaclickacademy.AppiumTest" name="nativeAppAndroid" time="0.003"/>
  <testcase classname="qaclickacademy.SeleniumTest" name="BrowserAutomation" time="0.002"/>
  <testcase classname="qaclickacademy.SeleniumTest" name="elementsUI" time="0.002"/>
</testsuite> <!-- Test -->
