<?xml version="1.0" encoding="UTF-8"?>
<!-- Generated by org.testng.reporters.JUnitXMLReporter -->
<testsuite ignored="0" hostname="DESKTOP-TSI3E10" failures="0" tests="4" name="Test" time="0.039" errors="0" timestamp="2020-05-02T18:36:34 IST">
  <testcase classname="qaclickacademy.APITest" name="deleteTwitter" time="0.004"/>
  <testcase classname="qaclickacademy.APITest" name="postJira" time="0.0"/>
  <testcase classname="qaclickacademy.SeleniumTest" name="BrowserAutomation" time="0.001"/>
  <testcase classname="qaclickacademy.SeleniumTest" name="elementsUI" time="0.001"/>
</testsuite> <!-- Test -->
