<?xml version="1.0" encoding="UTF-8"?>
<testng-results ignored="0" total="4" passed="4" failed="0" skipped="0">
  <reporter-output>
  </reporter-output>
  <suite started-at="2020-05-02T18:36:34 IST" name="Suite" finished-at="2020-05-02T18:36:34 IST" duration-ms="39">
    <groups>
    </groups>
    <test started-at="2020-05-02T18:36:34 IST" name="Test" finished-at="2020-05-02T18:36:34 IST" duration-ms="39">
      <class name="qaclickacademy.APITest">
        <test-method signature="deleteTwitter()[pri:0, instance:qaclickacademy.APITest@29ba4338]" started-at="2020-05-02T18:36:34 IST" name="deleteTwitter" finished-at="2020-05-02T18:36:34 IST" duration-ms="4" status="PASS">
          <reporter-output>
          </reporter-output>
        </test-method> <!-- deleteTwitter -->
        <test-method signature="postJira()[pri:0, instance:qaclickacademy.APITest@29ba4338]" started-at="2020-05-02T18:36:34 IST" name="postJira" finished-at="2020-05-02T18:36:34 IST" duration-ms="0" status="PASS">
          <reporter-output>
          </reporter-output>
        </test-method> <!-- postJira -->
      </class> <!-- qaclickacademy.APITest -->
      <class name="qaclickacademy.SeleniumTest">
        <test-method signature="BrowserAutomation()[pri:0, instance:qaclickacademy.SeleniumTest@57175e74]" started-at="2020-05-02T18:36:34 IST" name="BrowserAutomation" finished-at="2020-05-02T18:36:34 IST" duration-ms="1" status="PASS">
          <reporter-output>
          </reporter-output>
        </test-method> <!-- BrowserAutomation -->
        <test-method signature="elementsUI()[pri:0, instance:qaclickacademy.SeleniumTest@57175e74]" started-at="2020-05-02T18:36:34 IST" name="elementsUI" finished-at="2020-05-02T18:36:34 IST" duration-ms="1" status="PASS">
          <reporter-output>
          </reporter-output>
        </test-method> <!-- elementsUI -->
      </class> <!-- qaclickacademy.SeleniumTest -->
    </test> <!-- Test -->
  </suite> <!-- Suite -->
</testng-results>
