<?xml version="1.0" encoding="UTF-8"?>
<testng-results ignored="0" total="6" passed="6" failed="0" skipped="0">
  <reporter-output>
  </reporter-output>
  <suite started-at="2020-05-02T18:24:28 IST" name="Suite" finished-at="2020-05-02T18:24:28 IST" duration-ms="75">
    <groups>
    </groups>
    <test started-at="2020-05-02T18:24:28 IST" name="Test" finished-at="2020-05-02T18:24:28 IST" duration-ms="75">
      <class name="qaclickacademy.AppiumTest">
        <test-method signature="IOSApps()[pri:0, instance:qaclickacademy.AppiumTest@23529fee]" started-at="2020-05-02T18:24:28 IST" name="IOSApps" finished-at="2020-05-02T18:24:28 IST" duration-ms="2" status="PASS">
          <reporter-output>
          </reporter-output>
        </test-method> <!-- IOSApps -->
        <test-method signature="nativeAppAndroid()[pri:0, instance:qaclickacademy.AppiumTest@23529fee]" started-at="2020-05-02T18:24:28 IST" name="nativeAppAndroid" finished-at="2020-05-02T18:24:28 IST" duration-ms="3" status="PASS">
          <reporter-output>
          </reporter-output>
        </test-method> <!-- nativeAppAndroid -->
      </class> <!-- qaclickacademy.AppiumTest -->
      <class name="qaclickacademy.APITest">
        <test-method signature="deleteTwitter()[pri:0, instance:qaclickacademy.APITest@43ee72e6]" started-at="2020-05-02T18:24:28 IST" name="deleteTwitter" finished-at="2020-05-02T18:24:28 IST" duration-ms="7" status="PASS">
          <reporter-output>
          </reporter-output>
        </test-method> <!-- deleteTwitter -->
        <test-method signature="postJira()[pri:0, instance:qaclickacademy.APITest@43ee72e6]" started-at="2020-05-02T18:24:28 IST" name="postJira" finished-at="2020-05-02T18:24:28 IST" duration-ms="2" status="PASS">
          <reporter-output>
          </reporter-output>
        </test-method> <!-- postJira -->
      </class> <!-- qaclickacademy.APITest -->
      <class name="qaclickacademy.SeleniumTest">
        <test-method signature="BrowserAutomation()[pri:0, instance:qaclickacademy.SeleniumTest@4fe767f3]" started-at="2020-05-02T18:24:28 IST" name="BrowserAutomation" finished-at="2020-05-02T18:24:28 IST" duration-ms="2" status="PASS">
          <reporter-output>
          </reporter-output>
        </test-method> <!-- BrowserAutomation -->
        <test-method signature="elementsUI()[pri:0, instance:qaclickacademy.SeleniumTest@4fe767f3]" started-at="2020-05-02T18:24:28 IST" name="elementsUI" finished-at="2020-05-02T18:24:28 IST" duration-ms="2" status="PASS">
          <reporter-output>
          </reporter-output>
        </test-method> <!-- elementsUI -->
      </class> <!-- qaclickacademy.SeleniumTest -->
    </test> <!-- Test -->
  </suite> <!-- Suite -->
</testng-results>
